<?xml version="1.0" encoding="UTF-8"?>
<testng-results skipped="0" failed="1" ignored="0" total="4" passed="3">
  <reporter-output>
  </reporter-output>
  <suite name="Default suite" duration-ms="165591" started-at="2019-08-31T14:30:45Z" finished-at="2019-08-31T14:33:30Z">
    <groups>
    </groups>
    <test name="Default test" duration-ms="165591" started-at="2019-08-31T14:30:45Z" finished-at="2019-08-31T14:33:30Z">
      <class name="testcases.loginTestCase">
        <test-method status="PASS" signature="startReport()[pri:0, instance:testcases.loginTestCase@28864e92]" name="startReport" is-config="true" duration-ms="1426" started-at="2019-08-31T20:00:45Z" finished-at="2019-08-31T20:00:46Z">
          <reporter-output>
          </reporter-output>
        </test-method> <!-- startReport -->
        <test-method status="PASS" signature="initialize()[pri:0, instance:testcases.loginTestCase@28864e92]" name="initialize" is-config="true" duration-ms="17379" started-at="2019-08-31T20:00:46Z" finished-at="2019-08-31T20:01:04Z">
          <reporter-output>
          </reporter-output>
        </test-method> <!-- initialize -->
        <test-method status="PASS" signature="Home()[pri:0, instance:testcases.loginTestCase@28864e92]" name="Home" duration-ms="10181" started-at="2019-08-31T20:01:04Z" finished-at="2019-08-31T20:01:14Z">
          <reporter-output>
          </reporter-output>
        </test-method> <!-- Home -->
        <test-method status="PASS" signature="TeardownTest(org.testng.ITestResult)[pri:0, instance:testcases.loginTestCase@28864e92]" name="TeardownTest" is-config="true" duration-ms="24698" started-at="2019-08-31T20:01:14Z" finished-at="2019-08-31T20:01:39Z">
          <params>
            <param index="0">
              <value>
                <![CDATA[[TestResult name=Home status=SUCCESS method=loginTestCase.Home()[pri:0, instance:testcases.loginTestCase@28864e92] output={null}]]]>
              </value>
            </param>
          </params>
          <reporter-output>
          </reporter-output>
        </test-method> <!-- TeardownTest -->
        <test-method status="PASS" signature="initialize()[pri:0, instance:testcases.loginTestCase@28864e92]" name="initialize" is-config="true" duration-ms="24369" started-at="2019-08-31T20:01:39Z" finished-at="2019-08-31T20:02:03Z">
          <reporter-output>
          </reporter-output>
        </test-method> <!-- initialize -->
        <test-method status="PASS" signature="forgotpassword()[pri:0, instance:testcases.loginTestCase@28864e92]" name="forgotpassword" duration-ms="3837" started-at="2019-08-31T20:02:03Z" finished-at="2019-08-31T20:02:07Z">
          <reporter-output>
          </reporter-output>
        </test-method> <!-- forgotpassword -->
        <test-method status="PASS" signature="TeardownTest(org.testng.ITestResult)[pri:0, instance:testcases.loginTestCase@28864e92]" name="TeardownTest" is-config="true" duration-ms="13169" started-at="2019-08-31T20:02:07Z" finished-at="2019-08-31T20:02:20Z">
          <params>
            <param index="0">
              <value>
                <![CDATA[[TestResult name=forgotpassword status=SUCCESS method=loginTestCase.forgotpassword()[pri:0, instance:testcases.loginTestCase@28864e92] output={null}]]]>
              </value>
            </param>
          </params>
          <reporter-output>
          </reporter-output>
        </test-method> <!-- TeardownTest -->
        <test-method status="PASS" signature="initialize()[pri:0, instance:testcases.loginTestCase@28864e92]" name="initialize" is-config="true" duration-ms="19916" started-at="2019-08-31T20:02:20Z" finished-at="2019-08-31T20:02:40Z">
          <reporter-output>
          </reporter-output>
        </test-method> <!-- initialize -->
        <test-method status="PASS" signature="login()[pri:0, instance:testcases.loginTestCase@28864e92]" name="login" duration-ms="3023" started-at="2019-08-31T20:02:40Z" finished-at="2019-08-31T20:02:43Z">
          <reporter-output>
          </reporter-output>
        </test-method> <!-- login -->
        <test-method status="PASS" signature="TeardownTest(org.testng.ITestResult)[pri:0, instance:testcases.loginTestCase@28864e92]" name="TeardownTest" is-config="true" duration-ms="11601" started-at="2019-08-31T20:02:43Z" finished-at="2019-08-31T20:02:55Z">
          <params>
            <param index="0">
              <value>
                <![CDATA[[TestResult name=login status=SUCCESS method=loginTestCase.login()[pri:0, instance:testcases.loginTestCase@28864e92] output={null}]]]>
              </value>
            </param>
          </params>
          <reporter-output>
          </reporter-output>
        </test-method> <!-- TeardownTest -->
        <test-method status="PASS" signature="initialize()[pri:0, instance:testcases.loginTestCase@28864e92]" name="initialize" is-config="true" duration-ms="16179" started-at="2019-08-31T20:02:55Z" finished-at="2019-08-31T20:03:11Z">
          <reporter-output>
          </reporter-output>
        </test-method> <!-- initialize -->
        <test-method status="FAIL" signature="signup()[pri:0, instance:testcases.loginTestCase@28864e92]" name="signup" duration-ms="4915" started-at="2019-08-31T20:03:11Z" finished-at="2019-08-31T20:03:16Z">
          <exception class="java.lang.AssertionError">
            <message>
              <![CDATA[expected [true] but found [false]]]>
            </message>
            <full-stacktrace>
              <![CDATA[java.lang.AssertionError: expected [true] but found [false]
	at org.testng.Assert.fail(Assert.java:93)
	at org.testng.Assert.failNotEquals(Assert.java:512)
	at org.testng.Assert.assertTrue(Assert.java:41)
	at org.testng.Assert.assertTrue(Assert.java:51)
	at testcases.loginTestCase.signup(loginTestCase.java:41)
	at sun.reflect.NativeMethodAccessorImpl.invoke0(Native Method)
	at sun.reflect.NativeMethodAccessorImpl.invoke(Unknown Source)
	at sun.reflect.DelegatingMethodAccessorImpl.invoke(Unknown Source)
	at java.lang.reflect.Method.invoke(Unknown Source)
	at org.testng.internal.MethodInvocationHelper.invokeMethod(MethodInvocationHelper.java:108)
	at org.testng.internal.Invoker.invokeMethod(Invoker.java:661)
	at org.testng.internal.Invoker.invokeTestMethod(Invoker.java:869)
	at org.testng.internal.Invoker.invokeTestMethods(Invoker.java:1193)
	at org.testng.internal.TestMethodWorker.invokeTestMethods(TestMethodWorker.java:126)
	at org.testng.internal.TestMethodWorker.run(TestMethodWorker.java:109)
	at org.testng.TestRunner.privateRun(TestRunner.java:744)
	at org.testng.TestRunner.run(TestRunner.java:602)
	at org.testng.SuiteRunner.runTest(SuiteRunner.java:380)
	at org.testng.SuiteRunner.runSequentially(SuiteRunner.java:375)
	at org.testng.SuiteRunner.privateRun(SuiteRunner.java:340)
	at org.testng.SuiteRunner.run(SuiteRunner.java:289)
	at org.testng.SuiteRunnerWorker.runSuite(SuiteRunnerWorker.java:52)
	at org.testng.SuiteRunnerWorker.run(SuiteRunnerWorker.java:86)
	at org.testng.TestNG.runSuitesSequentially(TestNG.java:1301)
	at org.testng.TestNG.runSuitesLocally(TestNG.java:1226)
	at org.testng.TestNG.runSuites(TestNG.java:1144)
	at org.testng.TestNG.run(TestNG.java:1115)
	at org.testng.remote.RemoteTestNG.run(RemoteTestNG.java:113)
	at org.testng.remote.RemoteTestNG.initAndRun(RemoteTestNG.java:206)
	at org.testng.remote.RemoteTestNG.main(RemoteTestNG.java:177)
]]>
            </full-stacktrace>
          </exception> <!-- java.lang.AssertionError -->
          <reporter-output>
          </reporter-output>
        </test-method> <!-- signup -->
        <test-method status="PASS" signature="TeardownTest(org.testng.ITestResult)[pri:0, instance:testcases.loginTestCase@28864e92]" name="TeardownTest" is-config="true" duration-ms="13474" started-at="2019-08-31T20:03:16Z" finished-at="2019-08-31T20:03:29Z">
          <params>
            <param index="0">
              <value>
                <![CDATA[[TestResult name=signup status=FAILURE method=loginTestCase.signup()[pri:0, instance:testcases.loginTestCase@28864e92] output={null}]]]>
              </value>
            </param>
          </params>
          <reporter-output>
          </reporter-output>
        </test-method> <!-- TeardownTest -->
        <test-method status="PASS" signature="endReport()[pri:0, instance:testcases.loginTestCase@28864e92]" name="endReport" is-config="true" duration-ms="1303" started-at="2019-08-31T20:03:29Z" finished-at="2019-08-31T20:03:30Z">
          <reporter-output>
          </reporter-output>
        </test-method> <!-- endReport -->
      </class> <!-- testcases.loginTestCase -->
    </test> <!-- Default test -->
  </suite> <!-- Default suite -->
</testng-results>
